# JRE version: OpenJDK Runtime Environment (21.0.8) (build 21.0.8+-14018985-b1038.68)
# Java VM: OpenJDK 64-Bit Server VM (21.0.8+-14018985-b1038.68, mixed mode, tiered, compressed oops, compressed class ptrs, g1 gc, windows-amd64)
GC Precious Log:
 CardTable entry size: 512
 Card Set container configuration: InlinePtr #cards 4 size 8 Array Of Cards #cards 32 size 80 Howl #buckets 8 coarsen threshold 7372 Howl Bitmap #cards 1024 size 144 coarsen threshold 921 Card regions per heap region 1 cards per card region 8192
 CPUs: 8 total, 8 available
 Memory: 7914M
 Large Page Support: Disabled
 NUMA Support: Disabled
 Compressed Oops: Enabled (Zero based)
 Heap Region Size: 4M
 Heap Min Capacity: 8M
 Heap Initial Capacity: 124M
 Heap Max Capacity: 8G
 Pre-touch: Disabled
 Parallel Workers: 8
 Concurrent Workers: 2
 Concurrent Refinement Workers: 8
 Periodic GC: Disabled
Heap:
 garbage-first heap   total 110592K, used 35150K [0x0000000600000000, 0x0000000800000000)
  region size 4096K, 4 young (16384K), 2 survivors (8192K)
 Metaspace       used 42847K, committed 43648K, reserved 1114112K
  class space    used 5782K, committed 6144K, reserved 1048576K
GC Heap History (16 events):
Event: 0.326 GC heap before
{Heap before GC invocations=0 (full 0):
 garbage-first heap   total 126976K, used 20480K [0x0000000600000000, 0x0000000800000000)
  region size 4096K, 5 young (20480K), 0 survivors (0K)
 Metaspace       used 7763K, committed 7872K, reserved 1114112K
  class space    used 721K, committed 768K, reserved 1048576K
}
Event: 0.330 GC heap after
{Heap after GC invocations=1 (full 0):
 garbage-first heap   total 126976K, used 1424K [0x0000000600000000, 0x0000000800000000)
  region size 4096K, 1 young (4096K), 1 survivors (4096K)
 Metaspace       used 7763K, committed 7872K, reserved 1114112K
  class space    used 721K, committed 768K, reserved 1048576K
}
Event: 2.753 GC heap before
{Heap before GC invocations=1 (full 0):
 garbage-first heap   total 126976K, used 42384K [0x0000000600000000, 0x0000000800000000)
  region size 4096K, 11 young (45056K), 1 survivors (4096K)
 Metaspace       used 12308K, committed 12416K, reserved 1114112K
  class space    used 1345K, committed 1408K, reserved 1048576K
}
Event: 2.760 GC heap after
{Heap after GC invocations=2 (full 0):
 garbage-first heap   total 126976K, used 11772K [0x0000000600000000, 0x0000000800000000)
  region size 4096K, 2 young (8192K), 2 survivors (8192K)
 Metaspace       used 12308K, committed 12416K, reserved 1114112K
  class space    used 1345K, committed 1408K, reserved 1048576K
}
Event: 13.918 GC heap before
{Heap before GC invocations=2 (full 0):
 garbage-first heap   total 126976K, used 56828K [0x0000000600000000, 0x0000000800000000)
  region size 4096K, 13 young (53248K), 2 survivors (8192K)
 Metaspace       used 15742K, committed 15936K, reserved 1114112K
  class space    used 1814K, committed 1920K, reserved 1048576K
}
Event: 13.927 GC heap after
{Heap after GC invocations=3 (full 0):
 garbage-first heap   total 126976K, used 18454K [0x0000000600000000, 0x0000000800000000)
  region size 4096K, 2 young (8192K), 2 survivors (8192K)
 Metaspace       used 15742K, committed 15936K, reserved 1114112K
  class space    used 1814K, committed 1920K, reserved 1048576K
}
Event: 14.837 GC heap before
{Heap before GC invocations=3 (full 0):
 garbage-first heap   total 126976K, used 38934K [0x0000000600000000, 0x0000000800000000)
  region size 4096K, 8 young (32768K), 2 survivors (8192K)
 Metaspace       used 21248K, committed 21504K, reserved 1114112K
  class space    used 2555K, committed 2688K, reserved 1048576K
}
Event: 14.842 GC heap after
{Heap after GC invocations=4 (full 0):
 garbage-first heap   total 126976K, used 20937K [0x0000000600000000, 0x0000000800000000)
  region size 4096K, 1 young (4096K), 1 survivors (4096K)
 Metaspace       used 21248K, committed 21504K, reserved 1114112K
  class space    used 2555K, committed 2688K, reserved 1048576K
}
Event: 16.124 GC heap before
{Heap before GC invocations=5 (full 0):
 garbage-first heap   total 81920K, used 78281K [0x0000000600000000, 0x0000000800000000)
  region size 4096K, 15 young (61440K), 1 survivors (4096K)
 Metaspace       used 30109K, committed 30720K, reserved 1114112K
  class space    used 4020K, committed 4288K, reserved 1048576K
}
Event: 16.129 GC heap after
{Heap after GC invocations=6 (full 0):
 garbage-first heap   total 90112K, used 24074K [0x0000000600000000, 0x0000000800000000)
  region size 4096K, 2 young (8192K), 2 survivors (8192K)
 Metaspace       used 30109K, committed 30720K, reserved 1114112K
  class space    used 4020K, committed 4288K, reserved 1048576K
}
Event: 16.590 GC heap before
{Heap before GC invocations=6 (full 0):
 garbage-first heap   total 90112K, used 60938K [0x0000000600000000, 0x0000000800000000)
  region size 4096K, 12 young (49152K), 2 survivors (8192K)
 Metaspace       used 35338K, committed 36096K, reserved 1114112K
  class space    used 4883K, committed 5248K, reserved 1048576K
}
Event: 16.597 GC heap after
{Heap after GC invocations=7 (full 0):
 garbage-first heap   total 90112K, used 25498K [0x0000000600000000, 0x0000000800000000)
  region size 4096K, 2 young (8192K), 2 survivors (8192K)
 Metaspace       used 35338K, committed 36096K, reserved 1114112K
  class space    used 4883K, committed 5248K, reserved 1048576K
}
Event: 16.618 GC heap before
{Heap before GC invocations=7 (full 0):
 garbage-first heap   total 90112K, used 25498K [0x0000000600000000, 0x0000000800000000)
  region size 4096K, 3 young (12288K), 2 survivors (8192K)
 Metaspace       used 35575K, committed 36416K, reserved 1114112K
  class space    used 4914K, committed 5312K, reserved 1048576K
}
Event: 16.623 GC heap after
{Heap after GC invocations=8 (full 0):
 garbage-first heap   total 90112K, used 26151K [0x0000000600000000, 0x0000000800000000)
  region size 4096K, 1 young (4096K), 1 survivors (4096K)
 Metaspace       used 35575K, committed 36416K, reserved 1114112K
  class space    used 4914K, committed 5312K, reserved 1048576K
}
Event: 17.093 GC heap before
{Heap before GC invocations=9 (full 0):
 garbage-first heap   total 90112K, used 71207K [0x0000000600000000, 0x0000000800000000)
  region size 4096K, 12 young (49152K), 1 survivors (4096K)
 Metaspace       used 42203K, committed 43072K, reserved 1114112K
  class space    used 5674K, committed 6080K, reserved 1048576K
}
Event: 17.099 GC heap after
{Heap after GC invocations=10 (full 0):
 garbage-first heap   total 110592K, used 31054K [0x0000000600000000, 0x0000000800000000)
  region size 4096K, 2 young (8192K), 2 survivors (8192K)
 Metaspace       used 42203K, committed 43072K, reserved 1114112K
  class space    used 5674K, committed 6080K, reserved 1048576K
}

